<?xml version="1.0" encoding="UTF-8"?>
<!-- Generated by org.testng.reporters.JUnitXMLReporter -->
<testsuite hostname="L-BRZN6HJG3Q-M.local" tests="5" failures="0" timestamp="16 May 2016 02:42:10 GMT" time="0.042" errors="0">
  <testcase name="testAllocationGroups" time="0.009" classname="SeatingManagerTest"/>
  <testcase name="testTreeNodeNoParenNode2" time="0.0" classname="TreeNodeTest"/>
  <testcase name="testTreeNodeNoParentNode" time="0.001" classname="TreeNodeTest"/>
  <testcase name="testTreeNodeNullNode" time="0.001" classname="TreeNodeTest"/>
  <testcase name="testTreeNodeSuccess" time="0.0" classname="TreeNodeTest"/>
</testsuite>
