<?xml version="1.0" encoding="UTF-8"?>
<testng-results skipped="0" failed="0" total="5" passed="5">
  <reporter-output>
  </reporter-output>
  <suite name="Command line suite" duration-ms="42" started-at="2016-05-16T02:42:10Z" finished-at="2016-05-16T02:42:10Z">
    <groups>
    </groups>
    <test name="Command line test" duration-ms="42" started-at="2016-05-16T02:42:10Z" finished-at="2016-05-16T02:42:10Z">
      <class name="SeatingManagerTest">
        <test-method status="PASS" signature="setUp()[pri:0, instance:SeatingManagerTest@4c203ea1]" name="setUp" is-config="true" duration-ms="11" started-at="2016-05-15T23:42:10Z" finished-at="2016-05-15T23:42:10Z">
          <reporter-output>
          </reporter-output>
        </test-method> <!-- setUp -->
        <test-method status="PASS" signature="testAllocationGroups()[pri:0, instance:SeatingManagerTest@4c203ea1]" name="testAllocationGroups" duration-ms="9" started-at="2016-05-15T23:42:10Z" finished-at="2016-05-15T23:42:10Z">
          <reporter-output>
          </reporter-output>
        </test-method> <!-- testAllocationGroups -->
      </class> <!-- SeatingManagerTest -->
      <class name="TreeNodeTest">
        <test-method status="PASS" signature="setUp()[pri:0, instance:TreeNodeTest@3f3afe78]" name="setUp" is-config="true" duration-ms="1" started-at="2016-05-15T23:42:10Z" finished-at="2016-05-15T23:42:10Z">
          <reporter-output>
          </reporter-output>
        </test-method> <!-- setUp -->
        <test-method status="PASS" signature="testTreeNodeNoParenNode2()[pri:0, instance:TreeNodeTest@3f3afe78]" name="testTreeNodeNoParenNode2" duration-ms="0" started-at="2016-05-15T23:42:10Z" finished-at="2016-05-15T23:42:10Z">
          <reporter-output>
          </reporter-output>
        </test-method> <!-- testTreeNodeNoParenNode2 -->
        <test-method status="PASS" signature="testTreeNodeNoParentNode()[pri:0, instance:TreeNodeTest@3f3afe78]" name="testTreeNodeNoParentNode" duration-ms="1" started-at="2016-05-15T23:42:10Z" finished-at="2016-05-15T23:42:10Z">
          <reporter-output>
          </reporter-output>
        </test-method> <!-- testTreeNodeNoParentNode -->
        <test-method status="PASS" signature="testTreeNodeNullNode()[pri:0, instance:TreeNodeTest@3f3afe78]" name="testTreeNodeNullNode" duration-ms="1" started-at="2016-05-15T23:42:10Z" finished-at="2016-05-15T23:42:10Z">
          <exception class="java.lang.NullPointerException">
            <full-stacktrace>
              <![CDATA[java.lang.NullPointerException
	at TreeNode.findFirstCommonAncestor(TreeNode.java:22)
	at TreeNodeTest.testTreeNodeNullNode(TreeNodeTest.java:59)
	at sun.reflect.NativeMethodAccessorImpl.invoke0(Native Method)
	at sun.reflect.NativeMethodAccessorImpl.invoke(NativeMethodAccessorImpl.java:62)
	at sun.reflect.DelegatingMethodAccessorImpl.invoke(DelegatingMethodAccessorImpl.java:43)
	at java.lang.reflect.Method.invoke(Method.java:497)
	at org.testng.internal.MethodInvocationHelper.invokeMethod(MethodInvocationHelper.java:80)
	at org.testng.internal.Invoker.invokeMethod(Invoker.java:714)
	at org.testng.internal.Invoker.invokeTestMethod(Invoker.java:901)
	at org.testng.internal.Invoker.invokeTestMethods(Invoker.java:1231)
	at org.testng.internal.TestMethodWorker.invokeTestMethods(TestMethodWorker.java:127)
	at org.testng.internal.TestMethodWorker.run(TestMethodWorker.java:111)
	at org.testng.TestRunner.privateRun(TestRunner.java:767)
	at org.testng.TestRunner.run(TestRunner.java:617)
	at org.testng.SuiteRunner.runTest(SuiteRunner.java:334)
	at org.testng.SuiteRunner.runSequentially(SuiteRunner.java:329)
	at org.testng.SuiteRunner.privateRun(SuiteRunner.java:291)
	at org.testng.SuiteRunner.run(SuiteRunner.java:240)
	at org.testng.SuiteRunnerWorker.runSuite(SuiteRunnerWorker.java:52)
	at org.testng.SuiteRunnerWorker.run(SuiteRunnerWorker.java:86)
	at org.testng.TestNG.runSuitesSequentially(TestNG.java:1198)
	at org.testng.TestNG.runSuitesLocally(TestNG.java:1123)
	at org.testng.TestNG.run(TestNG.java:1031)
	at org.apache.maven.surefire.testng.TestNGExecutor.run(TestNGExecutor.java:77)
	at org.apache.maven.surefire.testng.TestNGDirectoryTestSuite.executeMulti(TestNGDirectoryTestSuite.java:159)
	at org.apache.maven.surefire.testng.TestNGDirectoryTestSuite.execute(TestNGDirectoryTestSuite.java:99)
	at org.apache.maven.surefire.testng.TestNGProvider.invoke(TestNGProvider.java:106)
	at sun.reflect.NativeMethodAccessorImpl.invoke0(Native Method)
	at sun.reflect.NativeMethodAccessorImpl.invoke(NativeMethodAccessorImpl.java:62)
	at sun.reflect.DelegatingMethodAccessorImpl.invoke(DelegatingMethodAccessorImpl.java:43)
	at java.lang.reflect.Method.invoke(Method.java:497)
	at org.apache.maven.surefire.util.ReflectionUtils.invokeMethodWithArray(ReflectionUtils.java:189)
	at org.apache.maven.surefire.booter.ProviderFactory$ProviderProxy.invoke(ProviderFactory.java:165)
	at org.apache.maven.surefire.booter.ProviderFactory.invokeProvider(ProviderFactory.java:85)
	at org.apache.maven.surefire.booter.ForkedBooter.runSuitesInProcess(ForkedBooter.java:115)
	at org.apache.maven.surefire.booter.ForkedBooter.main(ForkedBooter.java:75)
]]>
            </full-stacktrace>
          </exception> <!-- java.lang.NullPointerException -->
          <reporter-output>
          </reporter-output>
        </test-method> <!-- testTreeNodeNullNode -->
        <test-method status="PASS" signature="testTreeNodeSuccess()[pri:0, instance:TreeNodeTest@3f3afe78]" name="testTreeNodeSuccess" duration-ms="0" started-at="2016-05-15T23:42:10Z" finished-at="2016-05-15T23:42:10Z">
          <reporter-output>
          </reporter-output>
        </test-method> <!-- testTreeNodeSuccess -->
      </class> <!-- TreeNodeTest -->
    </test> <!-- Command line test -->
  </suite> <!-- Command line suite -->
</testng-results>
